<?xml version="1.0" encoding="UTF-8"?>
<testsuite name="com.neopragma.fizzplay.FizzPlayTest" tests="8" skipped="0" failures="0" errors="0" timestamp="2023-10-31T21:11:39" hostname="Davids-MacBook-Pro.local" time="0.022">
  <properties/>
  <testcase name="[1] com.neopragma.fizzplay.BruteForceFizzBuzz@6ea246af" classname="com.neopragma.fizzplay.FizzPlayTest" time="0.001"/>
  <testcase name="[2] com.neopragma.fizzplay.NaiveFizzBuzz@7061622" classname="com.neopragma.fizzplay.FizzPlayTest" time="0.001"/>
  <testcase name="[3] com.neopragma.fizzplay.TernaryFizzBuzz@32d418a9" classname="com.neopragma.fizzplay.FizzPlayTest" time="0.001"/>
  <testcase name="[4] com.neopragma.fizzplay.StreamFizzBuzz@52ea0269" classname="com.neopragma.fizzplay.FizzPlayTest" time="0.001"/>
  <testcase name="[5] com.neopragma.fizzplay.LiterateFizzBuzz@51efb731" classname="com.neopragma.fizzplay.FizzPlayTest" time="0.001"/>
  <testcase name="[6] com.neopragma.fizzplay.OverlyFactoredFizzBuzz@61db86bf" classname="com.neopragma.fizzplay.FizzPlayTest" time="0.0"/>
  <testcase name="[7] com.neopragma.fizzplay.ConcatenatedFizzBuzz@4dadd690" classname="com.neopragma.fizzplay.FizzPlayTest" time="0.001"/>
  <testcase name="[8] com.neopragma.fizzplay.BrainBuzz@14422d9d" classname="com.neopragma.fizzplay.FizzPlayTest" time="0.013"/>
  <system-out><![CDATA[]]></system-out>
  <system-err><![CDATA[]]></system-err>
</testsuite>
