<?xml version="1.0" encoding="UTF-8"?>
<testsuite name="com.neopragma.samples.LoadAndSortListTest" tests="1" skipped="0" failures="0" errors="0" timestamp="2023-10-31T21:11:39" hostname="Davids-MacBook-Pro.local" time="0.76">
  <properties/>
  <testcase name="itReturnsTheInputValuesAsASortedList()" classname="com.neopragma.samples.LoadAndSortListTest" time="0.76"/>
  <system-out><![CDATA[]]></system-out>
  <system-err><![CDATA[]]></system-err>
</testsuite>
